This file contains any messages produced by compilers while
running configure, to aid debugging if configure makes a mistake.

It was created by libsecp256k1 configure 0.1, which was
generated by GNU Autoconf 2.72.  Invocation command line was

  $ ./configure

## --------- ##
## Platform. ##
## --------- ##

hostname = dhcp-vl2051-1865.eduroam.cornell.edu
uname -m = arm64
uname -r = 21.6.0
uname -s = Darwin
uname -v = Darwin Kernel Version 21.6.0: Sat Jun 18 17:05:47 PDT 2022; root:xnu-8020.140.41~1/RELEASE_ARM64_T8101

/usr/bin/uname -p = arm
/bin/uname -X     = unknown

/bin/arch              = unknown
/usr/bin/arch -k       = unknown
/usr/convex/getsysinfo = unknown
/usr/bin/hostinfo      = Mach kernel version:
	 Darwin Kernel Version 21.6.0: Sat Jun 18 17:05:47 PDT 2022; root:xnu-8020.140.41~1/RELEASE_ARM64_T8101
Kernel configured for up to 8 processors.
8 processors are physically available.
8 processors are logically available.
Processor type: arm64e (ARM64E)
Processors active: 0 1 2 3 4 5 6 7
Primary memory available: 16.00 gigabytes
Default processor set: 555 tasks, 2897 threads, 8 processors
Load average: 2.62, Mach factor: 5.38
/bin/machine           = unknown
/usr/bin/oslevel       = unknown
/bin/universe          = unknown

PATH: /usr/local/opt/openssh/bin/
PATH: /Library/Java/JavaVirtualMachines/jdk-21.jdk/Contents/Home/bin/
PATH: /Applications/ARX-3.9.1.app/Contents/bin/
PATH: /Applications/ARX-3.9.1.app/Contents/bin/
PATH: /opt/homebrew/bin/
PATH: /Library/Frameworks/Python.framework/Versions/3.10/bin/
PATH: /usr/local/bin/
PATH: /usr/bin/
PATH: /bin/
PATH: /usr/sbin/
PATH: /sbin/
PATH: /Applications/VMware Fusion.app/Contents/Public/
PATH: /Library/TeX/texbin/
PATH: /usr/local/go/bin/
PATH: /usr/local/opt/openssh/bin/
PATH: /Library/Java/JavaVirtualMachines/jdk-21.jdk/Contents/Home/bin/
PATH: /Applications/ARX-3.9.1.app/Contents/bin/
PATH: /opt/homebrew/bin/
PATH: /Library/Frameworks/Python.framework/Versions/3.10/bin/
PATH: /Users/mariarosariabarbaraci/.cargo/bin/
PATH: /Users/mariarosariabarbaraci/go/bin/
PATH: /opt/gradle/gradle-8.7/bin/
PATH: /Users/mariarosariabarbaraci/go/bin/
PATH: /opt/gradle/gradle-8.7/bin/


## ----------- ##
## Core tests. ##
## ----------- ##

configure:2659: looking for aux files: compile ltmain.sh missing install-sh config.guess config.sub
configure:2672:  trying ./build-aux/
configure:2701:   ./build-aux/compile found
configure:2701:   ./build-aux/ltmain.sh found
configure:2701:   ./build-aux/missing found
configure:2683:   ./build-aux/install-sh found
configure:2701:   ./build-aux/config.guess found
configure:2701:   ./build-aux/config.sub found
configure:2822: checking build system type
configure:2838: result: aarch64-apple-darwin21.6.0
configure:2858: checking host system type
configure:2873: result: aarch64-apple-darwin21.6.0
configure:2913: checking for a BSD-compatible install
configure:2987: result: /usr/bin/install -c
configure:2998: checking whether build environment is sane
configure:3053: result: yes
configure:3214: checking for a race-free mkdir -p
configure:3257: result: mkdir -p
configure:3264: checking for gawk
configure:3300: result: no
configure:3264: checking for mawk
configure:3300: result: no
configure:3264: checking for nawk
configure:3300: result: no
configure:3264: checking for awk
configure:3285: found /usr/bin/awk
configure:3297: result: awk
configure:3308: checking whether make sets $(MAKE)
configure:3332: result: yes
configure:3362: checking whether make supports nested variables
configure:3381: result: yes
configure:3564: checking how to print strings
configure:3591: result: printf
configure:3625: checking whether make supports the include directive
configure:3640: make -f confmf.GNU && cat confinc.out
this is the am__doit target
configure:3643: $? = 0
configure:3662: result: yes (GNU style)
configure:3739: checking for gcc
configure:3760: found /usr/bin/gcc
configure:3772: result: gcc
configure:4131: checking for C compiler version
configure:4140: gcc --version >&5
Apple clang version 14.0.0 (clang-1400.0.29.202)
Target: arm64-apple-darwin21.6.0
Thread model: posix
InstalledDir: /Library/Developer/CommandLineTools/usr/bin
configure:4151: $? = 0
configure:4140: gcc -v >&5
Apple clang version 14.0.0 (clang-1400.0.29.202)
Target: arm64-apple-darwin21.6.0
Thread model: posix
InstalledDir: /Library/Developer/CommandLineTools/usr/bin
configure:4151: $? = 0
configure:4140: gcc -V >&5
clang: error: argument to '-V' is missing (expected 1 value)
clang: error: no input files
configure:4151: $? = 1
configure:4140: gcc -qversion >&5
clang: error: unknown argument '-qversion'; did you mean '--version'?
clang: error: no input files
configure:4151: $? = 1
configure:4140: gcc -version >&5
clang: error: unknown argument '-version'; did you mean '--version'?
clang: error: no input files
configure:4151: $? = 1
configure:4171: checking whether the C compiler works
configure:4193: gcc    conftest.c  >&5
configure:4197: $? = 0
configure:4248: result: yes
configure:4252: checking for C compiler default output file name
configure:4254: result: a.out
configure:4260: checking for suffix of executables
configure:4267: gcc -o conftest    conftest.c  >&5
configure:4271: $? = 0
configure:4295: result: 
configure:4319: checking whether we are cross compiling
configure:4327: gcc -o conftest    conftest.c  >&5
configure:4331: $? = 0
configure:4338: ./conftest
configure:4342: $? = 0
configure:4357: result: no
configure:4363: checking for suffix of object files
configure:4386: gcc -c   conftest.c >&5
configure:4390: $? = 0
configure:4414: result: o
configure:4418: checking whether the compiler supports GNU C
configure:4438: gcc -c   conftest.c >&5
configure:4438: $? = 0
configure:4450: result: yes
configure:4461: checking whether gcc accepts -g
configure:4482: gcc -c -g  conftest.c >&5
configure:4482: $? = 0
configure:4529: result: yes
configure:4549: checking for gcc option to enable C11 features
configure:4564: gcc  -c -g -O2  conftest.c >&5
configure:4564: $? = 0
configure:4583: result: none needed
configure:4707: checking whether gcc understands -c and -o together
configure:4730: gcc -c conftest.c -o conftest2.o
configure:4733: $? = 0
configure:4730: gcc -c conftest.c -o conftest2.o
configure:4733: $? = 0
configure:4746: result: yes
configure:4765: checking dependency style of gcc
configure:4878: result: gcc3
configure:4893: checking for a sed that does not truncate output
configure:4965: result: /usr/bin/sed
configure:4983: checking for grep that handles long lines and -e
configure:5049: result: /usr/bin/grep
configure:5054: checking for egrep
configure:5124: result: /usr/bin/grep -E
configure:5131: checking for fgrep
configure:5201: result: /usr/bin/grep -F
configure:5238: checking for ld used by gcc
configure:5307: result: /Library/Developer/CommandLineTools/usr/bin/ld
configure:5314: checking if the linker (/Library/Developer/CommandLineTools/usr/bin/ld) is GNU ld
configure:5331: result: no
configure:5343: checking for BSD- or MS-compatible name lister (nm)
configure:5399: result: /usr/bin/nm -B
configure:5541: checking the name lister (/usr/bin/nm -B) interface
configure:5549: gcc -c -g -O2  conftest.c >&5
configure:5552: /usr/bin/nm -B "conftest.o"
configure:5555: output
0000000000000244 S _some_variable
0000000000000000 t ltmp0
0000000000000244 s ltmp1
configure:5563: result: BSD nm
configure:5566: checking whether ln -s works
configure:5570: result: yes
configure:5578: checking the maximum length of command line arguments
configure:5711: result: 786432
configure:5759: checking how to convert aarch64-apple-darwin21.6.0 file names to aarch64-apple-darwin21.6.0 format
configure:5801: result: func_convert_file_noop
configure:5808: checking how to convert aarch64-apple-darwin21.6.0 file names to toolchain format
configure:5830: result: func_convert_file_noop
configure:5837: checking for /Library/Developer/CommandLineTools/usr/bin/ld option to reload object files
configure:5846: result: -r
configure:5926: checking for file
configure:5947: found /usr/bin/file
configure:5959: result: file
configure:6036: checking for objdump
configure:6057: found /usr/bin/objdump
configure:6069: result: objdump
configure:6101: checking how to recognize dependent libraries
configure:6303: result: pass_all
configure:6394: checking for dlltool
configure:6430: result: no
configure:6460: checking how to associate runtime and link libraries
configure:6489: result: printf %s\n
configure:6556: checking for ar
configure:6577: found /usr/bin/ar
configure:6589: result: ar
configure:6642: checking for archiver @FILE support
configure:6660: gcc -c -g -O2  conftest.c >&5
configure:6660: $? = 0
configure:6664: ar cr libconftest.a @conftest.lst >&5
ar: @conftest.lst: No such file or directory
configure:6667: $? = 1
configure:6688: result: no
configure:6752: checking for strip
configure:6773: found /usr/bin/strip
configure:6785: result: strip
configure:6863: checking for ranlib
configure:6884: found /usr/bin/ranlib
configure:6896: result: ranlib
configure:6998: checking command to parse /usr/bin/nm -B output from gcc object
configure:7152: gcc -c -g -O2  conftest.c >&5
configure:7155: $? = 0
configure:7159: /usr/bin/nm -B conftest.o \| /usr/bin/sed -n -e 's/^.*[ ]\([ABCDGIRSTW][ABCDGIRSTW]*\)[ ][ ]*\([_A-Za-z][_A-Za-z0-9]*\)$/\1 \2 \2/p' | /usr/bin/sed '/ __gnu_lto/d' \> conftest.nm
configure:7162: $? = 0
cannot find nm_test_var in conftest.nm
configure:7152: gcc -c -g -O2  conftest.c >&5
configure:7155: $? = 0
configure:7159: /usr/bin/nm -B conftest.o \| /usr/bin/sed -n -e 's/^.*[ ]\([ABCDGIRSTW][ABCDGIRSTW]*\)[ ][ ]*_\([_A-Za-z][_A-Za-z0-9]*\)$/\1 _\2 \2/p' | /usr/bin/sed '/ __gnu_lto/d' \> conftest.nm
configure:7162: $? = 0
configure:7228: gcc -o conftest -g -O2   conftest.c conftstm.o >&5
warning: (arm64)  could not find object file symbol for symbol _main
configure:7231: $? = 0
configure:7270: result: ok
configure:7317: checking for sysroot
configure:7349: result: no
configure:7356: checking for a working dd
configure:7401: result: /bin/dd
configure:7405: checking how to truncate binary pipes
configure:7422: result: /bin/dd bs=4096 count=1
configure:7762: checking for mt
configure:7798: result: no
configure:7818: checking if : is a manifest tool
configure:7825: : '-?'
configure:7834: result: no
configure:7896: checking for dsymutil
configure:7917: found /usr/bin/dsymutil
configure:7929: result: dsymutil
configure:8000: checking for nmedit
configure:8021: found /usr/bin/nmedit
configure:8033: result: nmedit
configure:8104: checking for lipo
configure:8125: found /usr/bin/lipo
configure:8137: result: lipo
configure:8208: checking for otool
configure:8229: found /usr/bin/otool
configure:8241: result: otool
configure:8312: checking for otool64
configure:8348: result: no
configure:8393: checking for -single_module linker flag
gcc -g -O2  -o libconftest.dylib -dynamiclib -Wl,-single_module conftest.c
configure:8428: result: yes
configure:8431: checking for -exported_symbols_list linker flag
configure:8452: gcc -o conftest -g -O2   -Wl,-exported_symbols_list,conftest.sym conftest.c  >&5
configure:8452: $? = 0
configure:8465: result: yes
configure:8468: checking for -force_load linker flag
gcc -g -O2 -c -o conftest.o conftest.c
ar cr libconftest.a conftest.o
ranlib libconftest.a
gcc -g -O2  -o conftest conftest.c -Wl,-force_load,./libconftest.a
configure:8502: result: yes
configure:8573: checking for stdio.h
configure:8573: gcc -c -g -O2  conftest.c >&5
configure:8573: $? = 0
configure:8573: result: yes
configure:8573: checking for stdlib.h
configure:8573: gcc -c -g -O2  conftest.c >&5
configure:8573: $? = 0
configure:8573: result: yes
configure:8573: checking for string.h
configure:8573: gcc -c -g -O2  conftest.c >&5
configure:8573: $? = 0
configure:8573: result: yes
configure:8573: checking for inttypes.h
configure:8573: gcc -c -g -O2  conftest.c >&5
configure:8573: $? = 0
configure:8573: result: yes
configure:8573: checking for stdint.h
configure:8573: gcc -c -g -O2  conftest.c >&5
configure:8573: $? = 0
configure:8573: result: yes
configure:8573: checking for strings.h
configure:8573: gcc -c -g -O2  conftest.c >&5
configure:8573: $? = 0
configure:8573: result: yes
configure:8573: checking for sys/stat.h
configure:8573: gcc -c -g -O2  conftest.c >&5
configure:8573: $? = 0
configure:8573: result: yes
configure:8573: checking for sys/types.h
configure:8573: gcc -c -g -O2  conftest.c >&5
configure:8573: $? = 0
configure:8573: result: yes
configure:8573: checking for unistd.h
configure:8573: gcc -c -g -O2  conftest.c >&5
configure:8573: $? = 0
configure:8573: result: yes
configure:8598: checking for dlfcn.h
configure:8598: gcc -c -g -O2  conftest.c >&5
configure:8598: $? = 0
configure:8598: result: yes
configure:8863: checking for objdir
configure:8880: result: .libs
configure:9146: checking if gcc supports -fno-rtti -fno-exceptions
configure:9165: gcc -c -g -O2  -fno-rtti -fno-exceptions conftest.c >&5
configure:9169: $? = 0
configure:9183: result: yes
configure:9541: checking for gcc option to produce PIC
configure:9550: result: -fno-common -DPIC
configure:9558: checking if gcc PIC flag -fno-common -DPIC works
configure:9577: gcc -c -g -O2  -fno-common -DPIC -DPIC conftest.c >&5
configure:9581: $? = 0
configure:9595: result: yes
configure:9624: checking if gcc static flag -static works
configure:9654: result: no
configure:9669: checking if gcc supports -c -o file.o
configure:9691: gcc -c -g -O2  -o out/conftest2.o conftest.c >&5
configure:9695: $? = 0
configure:9718: result: yes
configure:9726: checking if gcc supports -c -o file.o
configure:9775: result: yes
configure:9808: checking whether the gcc linker (/Library/Developer/CommandLineTools/usr/bin/ld) supports shared libraries
configure:11081: result: yes
configure:11323: checking dynamic linker characteristics
configure:12145: result: darwin21.6.0 dyld
configure:12267: checking how to hardcode library paths into programs
configure:12292: result: immediate
configure:12892: checking whether stripping libraries is possible
configure:12909: result: yes
configure:12943: checking if libtool supports shared libraries
configure:12945: result: yes
configure:12948: checking whether to build shared libraries
configure:12973: result: yes
configure:12976: checking whether to build static libraries
configure:12980: result: yes
configure:13030: checking whether make supports nested variables
configure:13049: result: yes
configure:13121: checking for pkg-config
configure:13144: found /opt/homebrew/bin/pkg-config
configure:13157: result: /opt/homebrew/bin/pkg-config
configure:13182: checking pkg-config is at least version 0.9.0
configure:13185: result: yes
configure:13246: checking for ar
configure:13269: found /usr/bin/ar
configure:13282: result: /usr/bin/ar
configure:13356: checking for ranlib
configure:13379: found /usr/bin/ranlib
configure:13392: result: /usr/bin/ranlib
configure:13466: checking for strip
configure:13489: found /usr/bin/strip
configure:13502: result: /usr/bin/strip
configure:13529: checking how to run the C preprocessor
configure:13555: gcc -E  conftest.c
configure:13555: $? = 0
configure:13571: gcc -E  conftest.c
conftest.c:23:10: fatal error: 'ac_nonexistent.h' file not found
#include <ac_nonexistent.h>
         ^~~~~~~~~~~~~~~~~~
1 error generated.
configure:13571: $? = 1
configure: failed program was:
| /* confdefs.h */
| #define PACKAGE_NAME "libsecp256k1"
| #define PACKAGE_TARNAME "libsecp256k1"
| #define PACKAGE_VERSION "0.1"
| #define PACKAGE_STRING "libsecp256k1 0.1"
| #define PACKAGE_BUGREPORT ""
| #define PACKAGE_URL ""
| #define PACKAGE "libsecp256k1"
| #define VERSION "0.1"
| #define HAVE_STDIO_H 1
| #define HAVE_STDLIB_H 1
| #define HAVE_STRING_H 1
| #define HAVE_INTTYPES_H 1
| #define HAVE_STDINT_H 1
| #define HAVE_STRINGS_H 1
| #define HAVE_SYS_STAT_H 1
| #define HAVE_SYS_TYPES_H 1
| #define HAVE_UNISTD_H 1
| #define STDC_HEADERS 1
| #define HAVE_DLFCN_H 1
| #define LT_OBJDIR ".libs/"
| /* end confdefs.h.  */
| #include <ac_nonexistent.h>
configure:13600: result: gcc -E
configure:13614: gcc -E  conftest.c
configure:13614: $? = 0
configure:13630: gcc -E  conftest.c
conftest.c:23:10: fatal error: 'ac_nonexistent.h' file not found
#include <ac_nonexistent.h>
         ^~~~~~~~~~~~~~~~~~
1 error generated.
configure:13630: $? = 1
configure: failed program was:
| /* confdefs.h */
| #define PACKAGE_NAME "libsecp256k1"
| #define PACKAGE_TARNAME "libsecp256k1"
| #define PACKAGE_VERSION "0.1"
| #define PACKAGE_STRING "libsecp256k1 0.1"
| #define PACKAGE_BUGREPORT ""
| #define PACKAGE_URL ""
| #define PACKAGE "libsecp256k1"
| #define VERSION "0.1"
| #define HAVE_STDIO_H 1
| #define HAVE_STDLIB_H 1
| #define HAVE_STRING_H 1
| #define HAVE_INTTYPES_H 1
| #define HAVE_STDINT_H 1
| #define HAVE_STRINGS_H 1
| #define HAVE_SYS_STAT_H 1
| #define HAVE_SYS_TYPES_H 1
| #define HAVE_UNISTD_H 1
| #define STDC_HEADERS 1
| #define HAVE_DLFCN_H 1
| #define LT_OBJDIR ".libs/"
| /* end confdefs.h.  */
| #include <ac_nonexistent.h>
configure:13724: checking for gcc
configure:13745: found /usr/bin/gcc
configure:13757: result: gcc
configure:14116: checking for C compiler version
configure:14125: gcc --version >&5
Apple clang version 14.0.0 (clang-1400.0.29.202)
Target: arm64-apple-darwin21.6.0
Thread model: posix
InstalledDir: /Library/Developer/CommandLineTools/usr/bin
configure:14136: $? = 0
configure:14125: gcc -v >&5
Apple clang version 14.0.0 (clang-1400.0.29.202)
Target: arm64-apple-darwin21.6.0
Thread model: posix
InstalledDir: /Library/Developer/CommandLineTools/usr/bin
configure:14136: $? = 0
configure:14125: gcc -V >&5
clang: error: argument to '-V' is missing (expected 1 value)
clang: error: no input files
configure:14136: $? = 1
configure:14125: gcc -qversion >&5
clang: error: unknown argument '-qversion'; did you mean '--version'?
clang: error: no input files
configure:14136: $? = 1
configure:14125: gcc -version >&5
clang: error: unknown argument '-version'; did you mean '--version'?
clang: error: no input files
configure:14136: $? = 1
configure:14140: checking whether the compiler supports GNU C
configure:14172: result: yes
configure:14183: checking whether gcc accepts -g
configure:14204: gcc -c -g -O2  conftest.c >&5
configure:14204: $? = 0
configure:14251: result: yes
configure:14271: checking for gcc option to enable C11 features
configure:14305: result: none needed
configure:14429: checking whether gcc understands -c and -o together
configure:14468: result: yes
configure:14487: checking dependency style of gcc
configure:14600: result: gcc3
configure:14620: checking how to run the C preprocessor
configure:14646: gcc -E  conftest.c
configure:14646: $? = 0
configure:14662: gcc -E  conftest.c
conftest.c:23:10: fatal error: 'ac_nonexistent.h' file not found
#include <ac_nonexistent.h>
         ^~~~~~~~~~~~~~~~~~
1 error generated.
configure:14662: $? = 1
configure: failed program was:
| /* confdefs.h */
| #define PACKAGE_NAME "libsecp256k1"
| #define PACKAGE_TARNAME "libsecp256k1"
| #define PACKAGE_VERSION "0.1"
| #define PACKAGE_STRING "libsecp256k1 0.1"
| #define PACKAGE_BUGREPORT ""
| #define PACKAGE_URL ""
| #define PACKAGE "libsecp256k1"
| #define VERSION "0.1"
| #define HAVE_STDIO_H 1
| #define HAVE_STDLIB_H 1
| #define HAVE_STRING_H 1
| #define HAVE_INTTYPES_H 1
| #define HAVE_STDINT_H 1
| #define HAVE_STRINGS_H 1
| #define HAVE_SYS_STAT_H 1
| #define HAVE_SYS_TYPES_H 1
| #define HAVE_UNISTD_H 1
| #define STDC_HEADERS 1
| #define HAVE_DLFCN_H 1
| #define LT_OBJDIR ".libs/"
| /* end confdefs.h.  */
| #include <ac_nonexistent.h>
configure:14691: result: gcc -E
configure:14705: gcc -E  conftest.c
configure:14705: $? = 0
configure:14721: gcc -E  conftest.c
conftest.c:23:10: fatal error: 'ac_nonexistent.h' file not found
#include <ac_nonexistent.h>
         ^~~~~~~~~~~~~~~~~~
1 error generated.
configure:14721: $? = 1
configure: failed program was:
| /* confdefs.h */
| #define PACKAGE_NAME "libsecp256k1"
| #define PACKAGE_TARNAME "libsecp256k1"
| #define PACKAGE_VERSION "0.1"
| #define PACKAGE_STRING "libsecp256k1 0.1"
| #define PACKAGE_BUGREPORT ""
| #define PACKAGE_URL ""
| #define PACKAGE "libsecp256k1"
| #define VERSION "0.1"
| #define HAVE_STDIO_H 1
| #define HAVE_STDLIB_H 1
| #define HAVE_STRING_H 1
| #define HAVE_INTTYPES_H 1
| #define HAVE_STDINT_H 1
| #define HAVE_STRINGS_H 1
| #define HAVE_SYS_STAT_H 1
| #define HAVE_SYS_TYPES_H 1
| #define HAVE_UNISTD_H 1
| #define STDC_HEADERS 1
| #define HAVE_DLFCN_H 1
| #define LT_OBJDIR ".libs/"
| /* end confdefs.h.  */
| #include <ac_nonexistent.h>
configure:14782: checking dependency style of gcc
configure:14893: result: gcc3
configure:14914: checking for brew
configure:14937: found /opt/homebrew/bin/brew
configure:14950: result: /opt/homebrew/bin/brew
configure:15031: checking if gcc supports -std=c99 -pedantic -Wall -Wextra -Wcast-align -Wnested-externs -Wshadow -Wstrict-prototypes -Wno-unused-function -Wno-long-long -Wno-overlength-strings  --stack,4194304
configure:15037: gcc -c -g -O2 -W -std=c99 -pedantic -Wall -Wextra -Wcast-align -Wnested-externs -Wshadow -Wstrict-prototypes -Wno-unused-function -Wno-long-long -Wno-overlength-strings  --stack,4194304  conftest.c >&5
clang: error: unsupported option '--stack,4194304'
configure:15037: $? = 1
configure: failed program was:
| /* confdefs.h */
| #define PACKAGE_NAME "libsecp256k1"
| #define PACKAGE_TARNAME "libsecp256k1"
| #define PACKAGE_VERSION "0.1"
| #define PACKAGE_STRING "libsecp256k1 0.1"
| #define PACKAGE_BUGREPORT ""
| #define PACKAGE_URL ""
| #define PACKAGE "libsecp256k1"
| #define VERSION "0.1"
| #define HAVE_STDIO_H 1
| #define HAVE_STDLIB_H 1
| #define HAVE_STRING_H 1
| #define HAVE_INTTYPES_H 1
| #define HAVE_STDINT_H 1
| #define HAVE_STRINGS_H 1
| #define HAVE_SYS_STAT_H 1
| #define HAVE_SYS_TYPES_H 1
| #define HAVE_UNISTD_H 1
| #define STDC_HEADERS 1
| #define HAVE_DLFCN_H 1
| #define LT_OBJDIR ".libs/"
| /* end confdefs.h.  */
| char foo;
configure:15042: result: no
configure:15052: checking if gcc supports -fvisibility=hidden
configure:15058: gcc -c -g -O2 -W -fvisibility=hidden  conftest.c >&5
configure:15058: $? = 0
configure:15060: result: yes
configure:15305: checking for __int128
configure:15305: gcc -c -g -O2 -W -fvisibility=hidden  conftest.c >&5
configure:15305: $? = 0
configure:15305: gcc -c -g -O2 -W -fvisibility=hidden  conftest.c >&5
conftest.c:54:23: error: expected expression
if (sizeof ((__int128)))
                      ^
1 error generated.
configure:15305: $? = 1
configure: failed program was:
| /* confdefs.h */
| #define PACKAGE_NAME "libsecp256k1"
| #define PACKAGE_TARNAME "libsecp256k1"
| #define PACKAGE_VERSION "0.1"
| #define PACKAGE_STRING "libsecp256k1 0.1"
| #define PACKAGE_BUGREPORT ""
| #define PACKAGE_URL ""
| #define PACKAGE "libsecp256k1"
| #define VERSION "0.1"
| #define HAVE_STDIO_H 1
| #define HAVE_STDLIB_H 1
| #define HAVE_STRING_H 1
| #define HAVE_INTTYPES_H 1
| #define HAVE_STDINT_H 1
| #define HAVE_STRINGS_H 1
| #define HAVE_SYS_STAT_H 1
| #define HAVE_SYS_TYPES_H 1
| #define HAVE_UNISTD_H 1
| #define STDC_HEADERS 1
| #define HAVE_DLFCN_H 1
| #define LT_OBJDIR ".libs/"
| /* end confdefs.h.  */
| #include <stddef.h>
| #ifdef HAVE_STDIO_H
| # include <stdio.h>
| #endif
| #ifdef HAVE_STDLIB_H
| # include <stdlib.h>
| #endif
| #ifdef HAVE_STRING_H
| # include <string.h>
| #endif
| #ifdef HAVE_INTTYPES_H
| # include <inttypes.h>
| #endif
| #ifdef HAVE_STDINT_H
| # include <stdint.h>
| #endif
| #ifdef HAVE_STRINGS_H
| # include <strings.h>
| #endif
| #ifdef HAVE_SYS_TYPES_H
| # include <sys/types.h>
| #endif
| #ifdef HAVE_SYS_STAT_H
| # include <sys/stat.h>
| #endif
| #ifdef HAVE_UNISTD_H
| # include <unistd.h>
| #endif
| int
| main (void)
| {
| if (sizeof ((__int128)))
| 	    return 0;
|   ;
|   return 0;
| }
configure:15305: result: yes
configure:15315: checking for __builtin_expect
configure:15321: gcc -c -g -O2 -W -fvisibility=hidden  conftest.c >&5
conftest.c:24:16: warning: ignoring return value of function declared with const attribute [-Wunused-value]
void myfunc() {__builtin_expect(0,0);}
               ^~~~~~~~~~~~~~~~ ~~~
1 warning generated.
configure:15321: $? = 0
configure:15323: result: yes
configure:15345: checking for __builtin_popcount
configure:15351: gcc -c -g -O2 -W -fvisibility=hidden -O3  conftest.c >&5
conftest.c:25:16: warning: ignoring return value of function declared with const attribute [-Wunused-value]
void myfunc() {__builtin_popcount(0);}
               ^~~~~~~~~~~~~~~~~~ ~
1 warning generated.
configure:15351: $? = 0
configure:15353: result: yes
configure:15365: checking for __builtin_popcountl
configure:15371: gcc -c -g -O2 -W -fvisibility=hidden -O3  conftest.c >&5
conftest.c:26:16: warning: ignoring return value of function declared with const attribute [-Wunused-value]
void myfunc() {__builtin_popcountl(0);}
               ^~~~~~~~~~~~~~~~~~~ ~
1 warning generated.
configure:15371: $? = 0
configure:15373: result: yes
configure:15385: checking for __builtin_ctzl
configure:15391: gcc -c -g -O2 -W -fvisibility=hidden -O3  conftest.c >&5
conftest.c:27:16: warning: ignoring return value of function declared with const attribute [-Wunused-value]
void myfunc() {__builtin_ctzl(0);}
               ^~~~~~~~~~~~~~ ~
1 warning generated.
configure:15391: $? = 0
configure:15393: result: yes
configure:15411: checking native compiler: gcc
configure:15427: gcc -o conftest -g -O2 -W -fvisibility=hidden -O3   conftest.c  >&5
configure:15427: $? = 0
configure:15427: ./conftest
configure:15427: $? = 0
configure:15451: result: ok
configure:15459: checking for  __builtin_clzll
configure:15465: gcc -c -g -O2 -W -fvisibility=hidden -O3  conftest.c >&5
conftest.c:28:17: warning: ignoring return value of function declared with const attribute [-Wunused-value]
void myfunc() { __builtin_clzll(1);}
                ^~~~~~~~~~~~~~~ ~
1 warning generated.
configure:15465: $? = 0
configure:15467: result: yes
configure:15481: checking for x86_64 assembly availability
configure:15498: gcc -c -g -O2 -W -fvisibility=hidden -O3  conftest.c >&5
conftest.c:36:61: error: invalid output constraint '+a' in asm
  __asm__ __volatile__("movq $0x100000000,%1; mulq %%rsi" : "+a"(a) : "S"(tmp) : "cc", "%rdx");
                                                            ^
1 error generated.
configure:15498: $? = 1
configure: failed program was:
| /* confdefs.h */
| #define PACKAGE_NAME "libsecp256k1"
| #define PACKAGE_TARNAME "libsecp256k1"
| #define PACKAGE_VERSION "0.1"
| #define PACKAGE_STRING "libsecp256k1 0.1"
| #define PACKAGE_BUGREPORT ""
| #define PACKAGE_URL ""
| #define PACKAGE "libsecp256k1"
| #define VERSION "0.1"
| #define HAVE_STDIO_H 1
| #define HAVE_STDLIB_H 1
| #define HAVE_STRING_H 1
| #define HAVE_INTTYPES_H 1
| #define HAVE_STDINT_H 1
| #define HAVE_STRINGS_H 1
| #define HAVE_SYS_STAT_H 1
| #define HAVE_SYS_TYPES_H 1
| #define HAVE_UNISTD_H 1
| #define STDC_HEADERS 1
| #define HAVE_DLFCN_H 1
| #define LT_OBJDIR ".libs/"
| #define HAVE___INT128 1
| #define HAVE_BUILTIN_EXPECT 1
| #define HAVE_BUILTIN_POPCOUNT 1
| #define HAVE_BUILTIN_POPCOUNTL 1
| #define HAVE_BUILTIN_CTZL 1
| #define HAVE_BUILTIN_CLZLL 1
| /* end confdefs.h.  */
| 
|   #include <stdint.h>
| int
| main (void)
| {
| 
|   uint64_t a = 11, tmp;
|   __asm__ __volatile__("movq $0x100000000,%1; mulq %%rsi" : "+a"(a) : "S"(tmp) : "cc", "%rdx");
| 
|   ;
|   return 0;
| }
configure:15506: result: no
configure:15634: checking for gmp.h
configure:15634: gcc -c -g -O2 -W -fvisibility=hidden -O3 -I/opt/homebrew/opt/gmp/include  conftest.c >&5
conftest.c:57:10: fatal error: 'gmp.h' file not found
#include <gmp.h>
         ^~~~~~~
1 error generated.
configure:15634: $? = 1
configure: failed program was:
| /* confdefs.h */
| #define PACKAGE_NAME "libsecp256k1"
| #define PACKAGE_TARNAME "libsecp256k1"
| #define PACKAGE_VERSION "0.1"
| #define PACKAGE_STRING "libsecp256k1 0.1"
| #define PACKAGE_BUGREPORT ""
| #define PACKAGE_URL ""
| #define PACKAGE "libsecp256k1"
| #define VERSION "0.1"
| #define HAVE_STDIO_H 1
| #define HAVE_STDLIB_H 1
| #define HAVE_STRING_H 1
| #define HAVE_INTTYPES_H 1
| #define HAVE_STDINT_H 1
| #define HAVE_STRINGS_H 1
| #define HAVE_SYS_STAT_H 1
| #define HAVE_SYS_TYPES_H 1
| #define HAVE_UNISTD_H 1
| #define STDC_HEADERS 1
| #define HAVE_DLFCN_H 1
| #define LT_OBJDIR ".libs/"
| #define HAVE___INT128 1
| #define HAVE_BUILTIN_EXPECT 1
| #define HAVE_BUILTIN_POPCOUNT 1
| #define HAVE_BUILTIN_POPCOUNTL 1
| #define HAVE_BUILTIN_CTZL 1
| #define HAVE_BUILTIN_CLZLL 1
| /* end confdefs.h.  */
| #include <stddef.h>
| #ifdef HAVE_STDIO_H
| # include <stdio.h>
| #endif
| #ifdef HAVE_STDLIB_H
| # include <stdlib.h>
| #endif
| #ifdef HAVE_STRING_H
| # include <string.h>
| #endif
| #ifdef HAVE_INTTYPES_H
| # include <inttypes.h>
| #endif
| #ifdef HAVE_STDINT_H
| # include <stdint.h>
| #endif
| #ifdef HAVE_STRINGS_H
| # include <strings.h>
| #endif
| #ifdef HAVE_SYS_TYPES_H
| # include <sys/types.h>
| #endif
| #ifdef HAVE_SYS_STAT_H
| # include <sys/stat.h>
| #endif
| #ifdef HAVE_UNISTD_H
| # include <unistd.h>
| #endif
| #include <gmp.h>
configure:15634: result: no
configure:15872: checking for libcrypto
configure:15879: $PKG_CONFIG --exists --print-errors "libcrypto"
configure:15882: $? = 0
configure:15896: $PKG_CONFIG --exists --print-errors "libcrypto"
configure:15899: $? = 0
configure:15937: result: yes
configure:15944: checking for main in -lcrypto
configure:15964: gcc -o conftest -g -O2 -W -fvisibility=hidden -O3   conftest.c -lcrypto   -L/opt/homebrew/Cellar/openssl@3/3.3.1/lib -lcrypto >&5
configure:15964: $? = 0
configure:15976: result: yes
configure:16047: checking for EC functions in libcrypto
configure:16071: gcc -c -g -O2 -W -fvisibility=hidden -O3  conftest.c >&5
conftest.c:36:14: fatal error: 'openssl/ec.h' file not found
    #include <openssl/ec.h>
             ^~~~~~~~~~~~~~
1 error generated.
configure:16071: $? = 1
configure: failed program was:
| /* confdefs.h */
| #define PACKAGE_NAME "libsecp256k1"
| #define PACKAGE_TARNAME "libsecp256k1"
| #define PACKAGE_VERSION "0.1"
| #define PACKAGE_STRING "libsecp256k1 0.1"
| #define PACKAGE_BUGREPORT ""
| #define PACKAGE_URL ""
| #define PACKAGE "libsecp256k1"
| #define VERSION "0.1"
| #define HAVE_STDIO_H 1
| #define HAVE_STDLIB_H 1
| #define HAVE_STRING_H 1
| #define HAVE_INTTYPES_H 1
| #define HAVE_STDINT_H 1
| #define HAVE_STRINGS_H 1
| #define HAVE_SYS_STAT_H 1
| #define HAVE_SYS_TYPES_H 1
| #define HAVE_UNISTD_H 1
| #define STDC_HEADERS 1
| #define HAVE_DLFCN_H 1
| #define LT_OBJDIR ".libs/"
| #define HAVE___INT128 1
| #define HAVE_BUILTIN_EXPECT 1
| #define HAVE_BUILTIN_POPCOUNT 1
| #define HAVE_BUILTIN_POPCOUNTL 1
| #define HAVE_BUILTIN_CTZL 1
| #define HAVE_BUILTIN_CLZLL 1
| #define USE_FIELD_5X52 1
| #define USE_NUM_NONE 1
| #define USE_FIELD_INV_BUILTIN 1
| #define USE_SCALAR_INV_BUILTIN 1
| #define USE_SCALAR_4X64 1
| #define HAVE_LIBCRYPTO 1
| /* end confdefs.h.  */
| 
|     #include <openssl/ec.h>
|     #include <openssl/ecdsa.h>
|     #include <openssl/obj_mac.h>
| int
| main (void)
| {
| 
|     EC_KEY *eckey = EC_KEY_new_by_curve_name(NID_secp256k1);
|     ECDSA_sign(0, NULL, 0, NULL, NULL, eckey);
|     ECDSA_verify(0, NULL, 0, NULL, 0, eckey);
|     EC_KEY_free(eckey);
|     ECDSA_SIG *sig_openssl;
|     sig_openssl = ECDSA_SIG_new();
|     ECDSA_SIG_free(sig_openssl);
| 
|   ;
|   return 0;
| }
configure:16079: result: no
configure:16362: checking whether byte ordering is bigendian
configure:16378: gcc -c -g -O2 -W -fvisibility=hidden -O3  conftest.c >&5
configure:16378: $? = 0
configure:16424: gcc -c -g -O2 -W -fvisibility=hidden -O3  conftest.c >&5
configure:16424: $? = 0
configure:16443: gcc -c -g -O2 -W -fvisibility=hidden -O3  conftest.c >&5
conftest.c:43:4: error: use of undeclared identifier 'not'
                 not big endian
                 ^
1 error generated.
configure:16443: $? = 1
configure: failed program was:
| /* confdefs.h */
| #define PACKAGE_NAME "libsecp256k1"
| #define PACKAGE_TARNAME "libsecp256k1"
| #define PACKAGE_VERSION "0.1"
| #define PACKAGE_STRING "libsecp256k1 0.1"
| #define PACKAGE_BUGREPORT ""
| #define PACKAGE_URL ""
| #define PACKAGE "libsecp256k1"
| #define VERSION "0.1"
| #define HAVE_STDIO_H 1
| #define HAVE_STDLIB_H 1
| #define HAVE_STRING_H 1
| #define HAVE_INTTYPES_H 1
| #define HAVE_STDINT_H 1
| #define HAVE_STRINGS_H 1
| #define HAVE_SYS_STAT_H 1
| #define HAVE_SYS_TYPES_H 1
| #define HAVE_UNISTD_H 1
| #define STDC_HEADERS 1
| #define HAVE_DLFCN_H 1
| #define LT_OBJDIR ".libs/"
| #define HAVE___INT128 1
| #define HAVE_BUILTIN_EXPECT 1
| #define HAVE_BUILTIN_POPCOUNT 1
| #define HAVE_BUILTIN_POPCOUNTL 1
| #define HAVE_BUILTIN_CTZL 1
| #define HAVE_BUILTIN_CLZLL 1
| #define USE_FIELD_5X52 1
| #define USE_NUM_NONE 1
| #define USE_FIELD_INV_BUILTIN 1
| #define USE_SCALAR_INV_BUILTIN 1
| #define USE_SCALAR_4X64 1
| #define HAVE_LIBCRYPTO 1
| #define USE_ECMULT_STATIC_PRECOMPUTATION 1
| /* end confdefs.h.  */
| #include <sys/types.h>
| 		#include <sys/param.h>
| 
| int
| main (void)
| {
| #if BYTE_ORDER != BIG_ENDIAN
| 		 not big endian
| 		#endif
| 
|   ;
|   return 0;
| }
configure:16584: result: no
configure:16609: Using static precomputation: yes
configure:16611: Using assembly optimizations: no
configure:16613: Using field implementation: 64bit
configure:16615: Using bignum implementation: no
configure:16617: Using scalar implementation: 64bit
configure:16619: Using endomorphism optimizations: no
configure:16621: Building benchmarks: yes
configure:16623: Building for coverage analysis: no
configure:16625: Building ECDH module: no
configure:16627: Building ECDSA pubkey recovery module: no
configure:16629: Using jni: no
configure:17012: checking that generated files are newer than configure
configure:17018: result: done
configure:17126: creating ./config.status

## ---------------------- ##
## Running config.status. ##
## ---------------------- ##

This file was extended by libsecp256k1 config.status 0.1, which was
generated by GNU Autoconf 2.72.  Invocation command line was

  CONFIG_FILES    = 
  CONFIG_HEADERS  = 
  CONFIG_LINKS    = 
  CONFIG_COMMANDS = 
  $ ./config.status 

on dhcp-vl2051-1865.eduroam.cornell.edu

config.status:1168: creating Makefile
config.status:1168: creating libsecp256k1.pc
config.status:1168: creating src/libsecp256k1-config.h
config.status:1397: executing depfiles commands
config.status:1474: cd .       && sed -e '/# am--include-marker/d' Makefile         | make -f - am--depfiles
config.status:1479: $? = 0
config.status:1397: executing libtool commands

## ---------------- ##
## Cache variables. ##
## ---------------- ##

ac_cv_build=aarch64-apple-darwin21.6.0
ac_cv_build_prog_CPP='gcc -E'
ac_cv_build_prog_cc_g=yes
ac_cv_c_bigendian=no
ac_cv_c_compiler_gnu=yes
ac_cv_env_CCASFLAGS_set=
ac_cv_env_CCASFLAGS_value=
ac_cv_env_CCAS_set=
ac_cv_env_CCAS_value=
ac_cv_env_CC_set=
ac_cv_env_CC_value=
ac_cv_env_CFLAGS_set=
ac_cv_env_CFLAGS_value=
ac_cv_env_CPPFLAGS_set=
ac_cv_env_CPPFLAGS_value=
ac_cv_env_CPP_set=
ac_cv_env_CPP_value=
ac_cv_env_CRYPTO_CFLAGS_set=
ac_cv_env_CRYPTO_CFLAGS_value=
ac_cv_env_CRYPTO_LIBS_set=
ac_cv_env_CRYPTO_LIBS_value=
ac_cv_env_LDFLAGS_set=
ac_cv_env_LDFLAGS_value=
ac_cv_env_LIBS_set=
ac_cv_env_LIBS_value=
ac_cv_env_LT_SYS_LIBRARY_PATH_set=
ac_cv_env_LT_SYS_LIBRARY_PATH_value=
ac_cv_env_PKG_CONFIG_LIBDIR_set=
ac_cv_env_PKG_CONFIG_LIBDIR_value=
ac_cv_env_PKG_CONFIG_PATH_set=
ac_cv_env_PKG_CONFIG_PATH_value=
ac_cv_env_PKG_CONFIG_set=
ac_cv_env_PKG_CONFIG_value=
ac_cv_env_build_alias_set=
ac_cv_env_build_alias_value=
ac_cv_env_host_alias_set=
ac_cv_env_host_alias_value=
ac_cv_env_target_alias_set=
ac_cv_env_target_alias_value=
ac_cv_header_dlfcn_h=yes
ac_cv_header_gmp_h=no
ac_cv_header_inttypes_h=yes
ac_cv_header_stdint_h=yes
ac_cv_header_stdio_h=yes
ac_cv_header_stdlib_h=yes
ac_cv_header_string_h=yes
ac_cv_header_strings_h=yes
ac_cv_header_sys_stat_h=yes
ac_cv_header_sys_types_h=yes
ac_cv_header_unistd_h=yes
ac_cv_host=aarch64-apple-darwin21.6.0
ac_cv_lib_crypto_main=yes
ac_cv_objext=o
ac_cv_path_BREW=/opt/homebrew/bin/brew
ac_cv_path_EGREP='/usr/bin/grep -E'
ac_cv_path_EGREP_TRADITIONAL='/usr/bin/grep -E'
ac_cv_path_FGREP='/usr/bin/grep -F'
ac_cv_path_GREP=/usr/bin/grep
ac_cv_path_SED=/usr/bin/sed
ac_cv_path_ac_pt_AR=/usr/bin/ar
ac_cv_path_ac_pt_PKG_CONFIG=/opt/homebrew/bin/pkg-config
ac_cv_path_ac_pt_RANLIB=/usr/bin/ranlib
ac_cv_path_ac_pt_STRIP=/usr/bin/strip
ac_cv_path_install='/usr/bin/install -c'
ac_cv_path_lt_DD=/bin/dd
ac_cv_prog_AWK=awk
ac_cv_prog_CPP='gcc -E'
ac_cv_prog_ac_ct_AR=ar
ac_cv_prog_ac_ct_CC=gcc
ac_cv_prog_ac_ct_CC_FOR_BUILD=gcc
ac_cv_prog_ac_ct_DSYMUTIL=dsymutil
ac_cv_prog_ac_ct_FILECMD=file
ac_cv_prog_ac_ct_LIPO=lipo
ac_cv_prog_ac_ct_NMEDIT=nmedit
ac_cv_prog_ac_ct_OBJDUMP=objdump
ac_cv_prog_ac_ct_OTOOL=otool
ac_cv_prog_ac_ct_RANLIB=ranlib
ac_cv_prog_ac_ct_STRIP=strip
ac_cv_prog_cc_c11=
ac_cv_prog_cc_g=yes
ac_cv_prog_cc_stdc=
ac_cv_prog_make_make_set=yes
ac_cv_type___int128=yes
am_cv_CCAS_dependencies_compiler_type=gcc3
am_cv_CC_dependencies_compiler_type=gcc3
am_cv_make_support_nested_variables=yes
am_cv_prog_cc_c_o=yes
lt_cv_apple_cc_single_mod=yes
lt_cv_ar_at_file=no
lt_cv_deplibs_check_method=pass_all
lt_cv_file_magic_cmd='$MAGIC_CMD'
lt_cv_file_magic_test_file=
lt_cv_ld_exported_symbols_list=yes
lt_cv_ld_force_load=yes
lt_cv_ld_reload_flag=-r
lt_cv_nm_interface='BSD nm'
lt_cv_objdir=.libs
lt_cv_path_LD=/Library/Developer/CommandLineTools/usr/bin/ld
lt_cv_path_NM='/usr/bin/nm -B'
lt_cv_path_mainfest_tool=no
lt_cv_prog_compiler_c_o=yes
lt_cv_prog_compiler_pic='-fno-common -DPIC'
lt_cv_prog_compiler_pic_works=yes
lt_cv_prog_compiler_rtti_exceptions=yes
lt_cv_prog_compiler_static_works=no
lt_cv_prog_gnu_ld=no
lt_cv_sharedlib_from_linklib_cmd='printf %s\n'
lt_cv_sys_global_symbol_pipe='/usr/bin/sed -n -e '\''s/^.*[	 ]\([ABCDGIRSTW][ABCDGIRSTW]*\)[	 ][	 ]*_\([_A-Za-z][_A-Za-z0-9]*\)$/\1 _\2 \2/p'\'' | /usr/bin/sed '\''/ __gnu_lto/d'\'''
lt_cv_sys_global_symbol_to_c_name_address='/usr/bin/sed -n -e '\''s/^: \(.*\) .*$/  {"\1", (void *) 0},/p'\'' -e '\''s/^[ABCDGIRSTW][ABCDGIRSTW]* .* \(.*\)$/  {"\1", (void *) \&\1},/p'\'''
lt_cv_sys_global_symbol_to_c_name_address_lib_prefix='/usr/bin/sed -n -e '\''s/^: \(.*\) .*$/  {"\1", (void *) 0},/p'\'' -e '\''s/^[ABCDGIRSTW][ABCDGIRSTW]* .* \(lib.*\)$/  {"\1", (void *) \&\1},/p'\'' -e '\''s/^[ABCDGIRSTW][ABCDGIRSTW]* .* \(.*\)$/  {"lib\1", (void *) \&\1},/p'\'''
lt_cv_sys_global_symbol_to_cdecl='/usr/bin/sed -n -e '\''s/^T .* \(.*\)$/extern int \1();/p'\'' -e '\''s/^[ABCDGIRSTW][ABCDGIRSTW]* .* \(.*\)$/extern char \1;/p'\'''
lt_cv_sys_global_symbol_to_import=
lt_cv_sys_max_cmd_len=786432
lt_cv_to_host_file_cmd=func_convert_file_noop
lt_cv_to_tool_file_cmd=func_convert_file_noop
lt_cv_truncate_bin='/bin/dd bs=4096 count=1'
pkg_cv_CRYPTO_CFLAGS=-I/opt/homebrew/Cellar/openssl@3/3.3.1/include
pkg_cv_CRYPTO_LIBS='-L/opt/homebrew/Cellar/openssl@3/3.3.1/lib -lcrypto'

## ----------------- ##
## Output variables. ##
## ----------------- ##

ACLOCAL='${SHELL} '\''/Users/mariarosariabarbaraci/Documents/IC3/Boquila2/Boquila/crypto-ddh/build-aux/missing'\'' aclocal-1.16'
AMDEPBACKSLASH='\'
AMDEP_FALSE='#'
AMDEP_TRUE=''
AMTAR='$${TAR-tar}'
AM_BACKSLASH='\'
AM_DEFAULT_V='$(AM_DEFAULT_VERBOSITY)'
AM_DEFAULT_VERBOSITY='0'
AM_V='$(V)'
AR='/usr/bin/ar'
AUTOCONF='${SHELL} '\''/Users/mariarosariabarbaraci/Documents/IC3/Boquila2/Boquila/crypto-ddh/build-aux/missing'\'' autoconf'
AUTOHEADER='${SHELL} '\''/Users/mariarosariabarbaraci/Documents/IC3/Boquila2/Boquila/crypto-ddh/build-aux/missing'\'' autoheader'
AUTOMAKE='${SHELL} '\''/Users/mariarosariabarbaraci/Documents/IC3/Boquila2/Boquila/crypto-ddh/build-aux/missing'\'' automake-1.16'
AWK='awk'
BREW='/opt/homebrew/bin/brew'
BUILD_EXEEXT=''
BUILD_OBJEXT=''
CC='gcc'
CCAS='gcc'
CCASDEPMODE='depmode=gcc3'
CCASFLAGS='-g -O2'
CCDEPMODE='depmode=gcc3'
CC_FOR_BUILD='gcc'
CFLAGS='-g -O2 -W -fvisibility=hidden -O3'
CFLAGS_FOR_BUILD='-g -O2'
CPP='gcc -E'
CPPFLAGS=''
CPPFLAGS_FOR_BUILD=''
CPP_FOR_BUILD='gcc -E'
CRYPTO_CFLAGS='-I/opt/homebrew/Cellar/openssl@3/3.3.1/include'
CRYPTO_LIBS='-L/opt/homebrew/Cellar/openssl@3/3.3.1/lib -lcrypto'
CSCOPE='cscope'
CTAGS='ctags'
CYGPATH_W='echo'
DEFS='-DHAVE_CONFIG_H'
DEPDIR='.deps'
DLLTOOL='false'
DSYMUTIL='dsymutil'
DUMPBIN=''
ECHO_C='\c'
ECHO_N=''
ECHO_T=''
EGREP='/usr/bin/grep -E'
ENABLE_COVERAGE_FALSE=''
ENABLE_COVERAGE_TRUE='#'
ENABLE_MODULE_AGGSIG_FALSE=''
ENABLE_MODULE_AGGSIG_TRUE='#'
ENABLE_MODULE_BULLETPROOF_FALSE=''
ENABLE_MODULE_BULLETPROOF_TRUE='#'
ENABLE_MODULE_COMMITMENT_FALSE=''
ENABLE_MODULE_COMMITMENT_TRUE='#'
ENABLE_MODULE_ECDH_FALSE=''
ENABLE_MODULE_ECDH_TRUE='#'
ENABLE_MODULE_GENERATOR_FALSE=''
ENABLE_MODULE_GENERATOR_TRUE='#'
ENABLE_MODULE_RANGEPROOF_FALSE=''
ENABLE_MODULE_RANGEPROOF_TRUE='#'
ENABLE_MODULE_RECOVERY_FALSE=''
ENABLE_MODULE_RECOVERY_TRUE='#'
ENABLE_MODULE_RINGCIP_FALSE=''
ENABLE_MODULE_RINGCIP_TRUE='#'
ENABLE_MODULE_SCHNORRSIG_FALSE=''
ENABLE_MODULE_SCHNORRSIG_TRUE='#'
ENABLE_MODULE_SURJECTIONPROOF_FALSE=''
ENABLE_MODULE_SURJECTIONPROOF_TRUE='#'
ENABLE_MODULE_WHITELIST_FALSE=''
ENABLE_MODULE_WHITELIST_TRUE='#'
ETAGS='etags'
EXEEXT=''
FGREP='/usr/bin/grep -F'
FILECMD='file'
GREP='/usr/bin/grep'
INSTALL_DATA='${INSTALL} -m 644'
INSTALL_PROGRAM='${INSTALL}'
INSTALL_SCRIPT='${INSTALL}'
INSTALL_STRIP_PROGRAM='$(install_sh) -c -s'
JNI_INCLUDES=''
LD='/Library/Developer/CommandLineTools/usr/bin/ld'
LDFLAGS=''
LDFLAGS_FOR_BUILD=''
LIBOBJS=''
LIBS=''
LIBTOOL='$(SHELL) $(top_builddir)/libtool'
LIPO='lipo'
LN_S='ln -s'
LTLIBOBJS=''
LT_SYS_LIBRARY_PATH=''
MAKEINFO='${SHELL} '\''/Users/mariarosariabarbaraci/Documents/IC3/Boquila2/Boquila/crypto-ddh/build-aux/missing'\'' makeinfo'
MANIFEST_TOOL=':'
MKDIR_P='mkdir -p'
NM='/usr/bin/nm -B'
NMEDIT='nmedit'
OBJDUMP='objdump'
OBJEXT='o'
OTOOL64=':'
OTOOL='otool'
PACKAGE='libsecp256k1'
PACKAGE_BUGREPORT=''
PACKAGE_NAME='libsecp256k1'
PACKAGE_STRING='libsecp256k1 0.1'
PACKAGE_TARNAME='libsecp256k1'
PACKAGE_URL=''
PACKAGE_VERSION='0.1'
PATH_SEPARATOR=':'
PKG_CONFIG='/opt/homebrew/bin/pkg-config'
PKG_CONFIG_LIBDIR=''
PKG_CONFIG_PATH='/opt/homebrew/opt/openssl@3/lib/pkgconfig:'
PORT=''
RANLIB='/usr/bin/ranlib'
SECP_INCLUDES=''
SECP_LIBS=''
SECP_TEST_INCLUDES=''
SECP_TEST_LIBS=''
SED='/usr/bin/sed'
SET_MAKE=''
SHELL='/bin/sh'
STRIP='/usr/bin/strip'
USE_ASM_ARM_FALSE=''
USE_ASM_ARM_TRUE='#'
USE_BENCHMARK_FALSE='#'
USE_BENCHMARK_TRUE=''
USE_ECMULT_STATIC_PRECOMPUTATION_FALSE='#'
USE_ECMULT_STATIC_PRECOMPUTATION_TRUE=''
USE_EXHAUSTIVE_TESTS_FALSE='#'
USE_EXHAUSTIVE_TESTS_TRUE=''
USE_EXTERNAL_ASM_FALSE=''
USE_EXTERNAL_ASM_TRUE='#'
USE_JNI_FALSE=''
USE_JNI_TRUE='#'
USE_TESTS_FALSE='#'
USE_TESTS_TRUE=''
VERSION='0.1'
_ACJNI_JAVAC=''
ac_ct_AR='ar'
ac_ct_CC='gcc'
ac_ct_CC_FOR_BUILD='gcc'
ac_ct_DUMPBIN=''
am__EXEEXT_FALSE=''
am__EXEEXT_TRUE='#'
am__fastdepCCAS_FALSE='#'
am__fastdepCCAS_TRUE=''
am__fastdepCC_FALSE='#'
am__fastdepCC_TRUE=''
am__include='include'
am__isrc=''
am__leading_dot='.'
am__nodep='_no'
am__quote=''
am__tar='$${TAR-tar} chof - "$$tardir"'
am__untar='$${TAR-tar} xf -'
bindir='${exec_prefix}/bin'
build='aarch64-apple-darwin21.6.0'
build_alias=''
build_cpu='aarch64'
build_os='darwin21.6.0'
build_vendor='apple'
datadir='${datarootdir}'
datarootdir='${prefix}/share'
docdir='${datarootdir}/doc/${PACKAGE_TARNAME}'
dvidir='${docdir}'
exec_prefix='${prefix}'
host='aarch64-apple-darwin21.6.0'
host_alias=''
host_cpu='aarch64'
host_os='darwin21.6.0'
host_vendor='apple'
htmldir='${docdir}'
includedir='${prefix}/include'
infodir='${datarootdir}/info'
install_sh='${SHELL} /Users/mariarosariabarbaraci/Documents/IC3/Boquila2/Boquila/crypto-ddh/build-aux/install-sh'
libdir='${exec_prefix}/lib'
libexecdir='${exec_prefix}/libexec'
localedir='${datarootdir}/locale'
localstatedir='${prefix}/var'
mandir='${datarootdir}/man'
mkdir_p='$(MKDIR_P)'
oldincludedir='/usr/include'
pdfdir='${docdir}'
prefix='/usr/local'
program_transform_name='s,x,x,'
psdir='${docdir}'
runstatedir='${localstatedir}/run'
sbindir='${exec_prefix}/sbin'
sharedstatedir='${prefix}/com'
sysconfdir='${prefix}/etc'
target_alias=''

## ----------- ##
## confdefs.h. ##
## ----------- ##

/* confdefs.h */
#define PACKAGE_NAME "libsecp256k1"
#define PACKAGE_TARNAME "libsecp256k1"
#define PACKAGE_VERSION "0.1"
#define PACKAGE_STRING "libsecp256k1 0.1"
#define PACKAGE_BUGREPORT ""
#define PACKAGE_URL ""
#define PACKAGE "libsecp256k1"
#define VERSION "0.1"
#define HAVE_STDIO_H 1
#define HAVE_STDLIB_H 1
#define HAVE_STRING_H 1
#define HAVE_INTTYPES_H 1
#define HAVE_STDINT_H 1
#define HAVE_STRINGS_H 1
#define HAVE_SYS_STAT_H 1
#define HAVE_SYS_TYPES_H 1
#define HAVE_UNISTD_H 1
#define STDC_HEADERS 1
#define HAVE_DLFCN_H 1
#define LT_OBJDIR ".libs/"
#define HAVE___INT128 1
#define HAVE_BUILTIN_EXPECT 1
#define HAVE_BUILTIN_POPCOUNT 1
#define HAVE_BUILTIN_POPCOUNTL 1
#define HAVE_BUILTIN_CTZL 1
#define HAVE_BUILTIN_CLZLL 1
#define USE_FIELD_5X52 1
#define USE_NUM_NONE 1
#define USE_FIELD_INV_BUILTIN 1
#define USE_SCALAR_INV_BUILTIN 1
#define USE_SCALAR_4X64 1
#define HAVE_LIBCRYPTO 1
#define USE_ECMULT_STATIC_PRECOMPUTATION 1
#define ENABLE_MODULE_ECDH 1
#define ENABLE_MODULE_GENERATOR 1
#define ENABLE_MODULE_RECOVERY 1
#define ENABLE_MODULE_RANGEPROOF 1
#define ENABLE_MODULE_BULLETPROOF 1
#define ENABLE_MODULE_AGGSIG 1
#define ENABLE_MODULE_SCHNORRSIG 1

configure: exit 0
